2019-05-17T07:22:02+00:00 CRITICAL Uncaught Error: Call to a member function get_id() on null in D:\xampp\htdocs\kmkm-wordpress\wp-content\plugins\woocommerce\templates\single-product\title.php:21
Stack trace:
#0 D:\xampp\htdocs\kmkm-wordpress\wp-content\plugins\woocommerce\includes\wc-core-functions.php(249): include()
#1 D:\xampp\htdocs\kmkm-wordpress\wp-content\plugins\woocommerce\includes\wc-template-functions.php(1506): wc_get_template('single-product/...')
#2 D:\xampp\htdocs\kmkm-wordpress\wp-includes\class-wp-hook.php(286): woocommerce_template_single_title('')
#3 D:\xampp\htdocs\kmkm-wordpress\wp-includes\class-wp-hook.php(310): WP_Hook->apply_filters('', Array)
#4 D:\xampp\htdocs\kmkm-wordpress\wp-includes\plugin.php(453): WP_Hook->do_action(Array)
#5 D:\xampp\htdocs\kmkm-wordpress\wp-content\plugins\woocommerce\templates\content-single-product.php(60): do_action('woocommerce_sin...')
#6 D:\xampp\htdocs\kmkm-wordpress\wp-includes\template.php(690): require('D:\\xampp\\htdocs...')
#7 D:\xampp\htdocs\kmkm-wordpress\wp-content\plugins\wo in D:\xampp\htdocs\kmkm-wordpress\wp-content\plugins\woocommerce\templates\single-product\title.php on line 21

2019-05-17T07:22:11+00:00 CRITICAL Uncaught Error: Call to a member function get_id() on null in D:\xampp\htdocs\kmkm-wordpress\wp-content\plugins\woocommerce\templates\single-product\title.php:21
Stack trace:
#0 D:\xampp\htdocs\kmkm-wordpress\wp-content\plugins\woocommerce\includes\wc-core-functions.php(249): include()
#1 D:\xampp\htdocs\kmkm-wordpress\wp-content\plugins\woocommerce\includes\wc-template-functions.php(1506): wc_get_template('single-product/...')
#2 D:\xampp\htdocs\kmkm-wordpress\wp-includes\class-wp-hook.php(286): woocommerce_template_single_title('')
#3 D:\xampp\htdocs\kmkm-wordpress\wp-includes\class-wp-hook.php(310): WP_Hook->apply_filters('', Array)
#4 D:\xampp\htdocs\kmkm-wordpress\wp-includes\plugin.php(453): WP_Hook->do_action(Array)
#5 D:\xampp\htdocs\kmkm-wordpress\wp-content\plugins\woocommerce\templates\content-single-product.php(60): do_action('woocommerce_sin...')
#6 D:\xampp\htdocs\kmkm-wordpress\wp-includes\template.php(690): require('D:\\xampp\\htdocs...')
#7 D:\xampp\htdocs\kmkm-wordpress\wp-content\plugins\wo in D:\xampp\htdocs\kmkm-wordpress\wp-content\plugins\woocommerce\templates\single-product\title.php on line 21

2019-05-17T07:22:13+00:00 CRITICAL Uncaught Error: Call to a member function get_id() on null in D:\xampp\htdocs\kmkm-wordpress\wp-content\plugins\woocommerce\templates\single-product\title.php:21
Stack trace:
#0 D:\xampp\htdocs\kmkm-wordpress\wp-content\plugins\woocommerce\includes\wc-core-functions.php(249): include()
#1 D:\xampp\htdocs\kmkm-wordpress\wp-content\plugins\woocommerce\includes\wc-template-functions.php(1506): wc_get_template('single-product/...')
#2 D:\xampp\htdocs\kmkm-wordpress\wp-includes\class-wp-hook.php(286): woocommerce_template_single_title('')
#3 D:\xampp\htdocs\kmkm-wordpress\wp-includes\class-wp-hook.php(310): WP_Hook->apply_filters('', Array)
#4 D:\xampp\htdocs\kmkm-wordpress\wp-includes\plugin.php(453): WP_Hook->do_action(Array)
#5 D:\xampp\htdocs\kmkm-wordpress\wp-content\plugins\woocommerce\templates\content-single-product.php(60): do_action('woocommerce_sin...')
#6 D:\xampp\htdocs\kmkm-wordpress\wp-includes\template.php(690): require('D:\\xampp\\htdocs...')
#7 D:\xampp\htdocs\kmkm-wordpress\wp-content\plugins\wo in D:\xampp\htdocs\kmkm-wordpress\wp-content\plugins\woocommerce\templates\single-product\title.php on line 21

2019-05-17T07:22:52+00:00 CRITICAL Uncaught Error: Call to a member function get_sku() on null in D:\xampp\htdocs\kmkm-wordpress\wp-content\plugins\woocommerce\templates\single-product\title.php:26
Stack trace:
#0 D:\xampp\htdocs\kmkm-wordpress\wp-content\plugins\woocommerce\includes\wc-core-functions.php(249): include()
#1 D:\xampp\htdocs\kmkm-wordpress\wp-content\plugins\woocommerce\includes\wc-template-functions.php(1506): wc_get_template('single-product/...')
#2 D:\xampp\htdocs\kmkm-wordpress\wp-includes\class-wp-hook.php(286): woocommerce_template_single_title('')
#3 D:\xampp\htdocs\kmkm-wordpress\wp-includes\class-wp-hook.php(310): WP_Hook->apply_filters('', Array)
#4 D:\xampp\htdocs\kmkm-wordpress\wp-includes\plugin.php(453): WP_Hook->do_action(Array)
#5 D:\xampp\htdocs\kmkm-wordpress\wp-content\plugins\woocommerce\templates\content-single-product.php(60): do_action('woocommerce_sin...')
#6 D:\xampp\htdocs\kmkm-wordpress\wp-includes\template.php(690): require('D:\\xampp\\htdocs...')
#7 D:\xampp\htdocs\kmkm-wordpress\wp-content\plugins\w in D:\xampp\htdocs\kmkm-wordpress\wp-content\plugins\woocommerce\templates\single-product\title.php on line 26

2019-05-17T07:22:55+00:00 CRITICAL Uncaught Error: Call to a member function get_sku() on null in D:\xampp\htdocs\kmkm-wordpress\wp-content\plugins\woocommerce\templates\single-product\title.php:26
Stack trace:
#0 D:\xampp\htdocs\kmkm-wordpress\wp-content\plugins\woocommerce\includes\wc-core-functions.php(249): include()
#1 D:\xampp\htdocs\kmkm-wordpress\wp-content\plugins\woocommerce\includes\wc-template-functions.php(1506): wc_get_template('single-product/...')
#2 D:\xampp\htdocs\kmkm-wordpress\wp-includes\class-wp-hook.php(286): woocommerce_template_single_title('')
#3 D:\xampp\htdocs\kmkm-wordpress\wp-includes\class-wp-hook.php(310): WP_Hook->apply_filters('', Array)
#4 D:\xampp\htdocs\kmkm-wordpress\wp-includes\plugin.php(453): WP_Hook->do_action(Array)
#5 D:\xampp\htdocs\kmkm-wordpress\wp-content\plugins\woocommerce\templates\content-single-product.php(60): do_action('woocommerce_sin...')
#6 D:\xampp\htdocs\kmkm-wordpress\wp-includes\template.php(690): require('D:\\xampp\\htdocs...')
#7 D:\xampp\htdocs\kmkm-wordpress\wp-content\plugins\w in D:\xampp\htdocs\kmkm-wordpress\wp-content\plugins\woocommerce\templates\single-product\title.php on line 26

2019-05-17T07:34:26+00:00 CRITICAL syntax error, unexpected 'get_variation_price' (T_STRING), expecting ',' or ')' in D:\xampp\htdocs\kmkm-wordpress\wp-content\plugins\variation-swatches-for-woocommerce\includes\class-frontend.php on line 142

2019-05-17T07:34:28+00:00 CRITICAL syntax error, unexpected 'get_variation_price' (T_STRING), expecting ',' or ')' in D:\xampp\htdocs\kmkm-wordpress\wp-content\plugins\variation-swatches-for-woocommerce\includes\class-frontend.php on line 142

2019-05-17T07:34:32+00:00 CRITICAL syntax error, unexpected 'echo' (T_ECHO), expecting ',' or ')' in D:\xampp\htdocs\kmkm-wordpress\wp-content\plugins\variation-swatches-for-woocommerce\includes\class-frontend.php on line 142

2019-05-17T07:35:06+00:00 CRITICAL syntax error, unexpected 'get_variation_price' (T_STRING), expecting ',' or ')' in D:\xampp\htdocs\kmkm-wordpress\wp-content\plugins\variation-swatches-for-woocommerce\includes\class-frontend.php on line 142

2019-05-17T07:35:07+00:00 CRITICAL syntax error, unexpected 'get_variation_price' (T_STRING), expecting ',' or ')' in D:\xampp\htdocs\kmkm-wordpress\wp-content\plugins\variation-swatches-for-woocommerce\includes\class-frontend.php on line 142

2019-05-17T07:35:12+00:00 CRITICAL syntax error, unexpected 'get_variation_price' (T_STRING), expecting ',' or ')' in D:\xampp\htdocs\kmkm-wordpress\wp-content\plugins\variation-swatches-for-woocommerce\includes\class-frontend.php on line 142

2019-05-17T07:35:21+00:00 CRITICAL syntax error, unexpected '$term' (T_VARIABLE), expecting ',' or ')' in D:\xampp\htdocs\kmkm-wordpress\wp-content\plugins\variation-swatches-for-woocommerce\includes\class-frontend.php on line 142

2019-05-17T07:35:22+00:00 CRITICAL syntax error, unexpected '$term' (T_VARIABLE), expecting ',' or ')' in D:\xampp\htdocs\kmkm-wordpress\wp-content\plugins\variation-swatches-for-woocommerce\includes\class-frontend.php on line 142

2019-05-17T07:35:29+00:00 CRITICAL syntax error, unexpected ''</span>' (T_CONSTANT_ENCAPSED_STRING), expecting ',' or ')' in D:\xampp\htdocs\kmkm-wordpress\wp-content\plugins\variation-swatches-for-woocommerce\includes\class-frontend.php on line 145

2019-05-17T07:37:08+00:00 CRITICAL syntax error, unexpected ';', expecting ',' or ')' in D:\xampp\htdocs\kmkm-wordpress\wp-content\plugins\variation-swatches-for-woocommerce\includes\class-frontend.php on line 146

2019-05-17T07:37:09+00:00 CRITICAL syntax error, unexpected ';', expecting ',' or ')' in D:\xampp\htdocs\kmkm-wordpress\wp-content\plugins\variation-swatches-for-woocommerce\includes\class-frontend.php on line 146

2019-05-17T07:37:12+00:00 CRITICAL syntax error, unexpected ';', expecting ',' or ')' in D:\xampp\htdocs\kmkm-wordpress\wp-content\plugins\variation-swatches-for-woocommerce\includes\class-frontend.php on line 146

2019-05-17T07:39:13+00:00 CRITICAL syntax error, unexpected 'break' (T_BREAK), expecting ',' or ';' in D:\xampp\htdocs\kmkm-wordpress\wp-content\plugins\variation-swatches-for-woocommerce\includes\class-frontend.php on line 157

2019-05-17T07:39:13+00:00 CRITICAL syntax error, unexpected 'break' (T_BREAK), expecting ',' or ';' in D:\xampp\htdocs\kmkm-wordpress\wp-content\plugins\variation-swatches-for-woocommerce\includes\class-frontend.php on line 157

2019-05-17T07:39:15+00:00 CRITICAL syntax error, unexpected 'break' (T_BREAK), expecting ',' or ';' in D:\xampp\htdocs\kmkm-wordpress\wp-content\plugins\variation-swatches-for-woocommerce\includes\class-frontend.php on line 157

2019-05-17T07:44:09+00:00 CRITICAL syntax error, unexpected '**' (T_POW) in D:\xampp\htdocs\kmkm-wordpress\wp-content\plugins\variation-swatches-for-woocommerce\includes\class-frontend.php on line 158

2019-05-17T07:44:17+00:00 CRITICAL syntax error, unexpected '**' (T_POW) in D:\xampp\htdocs\kmkm-wordpress\wp-content\plugins\variation-swatches-for-woocommerce\includes\class-frontend.php on line 158

2019-05-17T07:50:38+00:00 CRITICAL syntax error, unexpected ';', expecting ',' or ')' in D:\xampp\htdocs\kmkm-wordpress\wp-content\plugins\variation-swatches-for-woocommerce\includes\class-frontend.php on line 142

2019-05-17T07:50:39+00:00 CRITICAL syntax error, unexpected ';', expecting ',' or ')' in D:\xampp\htdocs\kmkm-wordpress\wp-content\plugins\variation-swatches-for-woocommerce\includes\class-frontend.php on line 142

2019-05-17T07:58:25+00:00 CRITICAL Uncaught Error: Call to a member function get_price_html() on null in D:\xampp\htdocs\kmkm-wordpress\wp-content\plugins\variation-swatches-for-woocommerce\includes\class-frontend.php:143
Stack trace:
#0 D:\xampp\htdocs\kmkm-wordpress\wp-includes\class-wp-hook.php(286): TA_WC_Variation_Swatches_Frontend->swatch_html('', Object(WP_Term), 'image', Array)
#1 D:\xampp\htdocs\kmkm-wordpress\wp-includes\plugin.php(203): WP_Hook->apply_filters('', Array)
#2 D:\xampp\htdocs\kmkm-wordpress\wp-content\plugins\variation-swatches-for-woocommerce\includes\class-frontend.php(84): apply_filters('tawcvs_swatch_h...', '', Object(WP_Term), 'image', Array)
#3 D:\xampp\htdocs\kmkm-wordpress\wp-includes\class-wp-hook.php(286): TA_WC_Variation_Swatches_Frontend->get_swatch_html('<select id="pa_...', Array)
#4 D:\xampp\htdocs\kmkm-wordpress\wp-includes\plugin.php(203): WP_Hook->apply_filters('<select id="pa_...', Array)
#5 D:\xampp\htdocs\kmkm-wordpress\wp-content\plugins\woocommerce\includes\wc-template-functions.php(2986): apply_f in D:\xampp\htdocs\kmkm-wordpress\wp-content\plugins\variation-swatches-for-woocommerce\includes\class-frontend.php on line 143

2019-05-17T07:58:30+00:00 CRITICAL Uncaught Error: Call to a member function get_price_html() on null in D:\xampp\htdocs\kmkm-wordpress\wp-content\plugins\variation-swatches-for-woocommerce\includes\class-frontend.php:143
Stack trace:
#0 D:\xampp\htdocs\kmkm-wordpress\wp-includes\class-wp-hook.php(286): TA_WC_Variation_Swatches_Frontend->swatch_html('', Object(WP_Term), 'image', Array)
#1 D:\xampp\htdocs\kmkm-wordpress\wp-includes\plugin.php(203): WP_Hook->apply_filters('', Array)
#2 D:\xampp\htdocs\kmkm-wordpress\wp-content\plugins\variation-swatches-for-woocommerce\includes\class-frontend.php(84): apply_filters('tawcvs_swatch_h...', '', Object(WP_Term), 'image', Array)
#3 D:\xampp\htdocs\kmkm-wordpress\wp-includes\class-wp-hook.php(286): TA_WC_Variation_Swatches_Frontend->get_swatch_html('<select id="pa_...', Array)
#4 D:\xampp\htdocs\kmkm-wordpress\wp-includes\plugin.php(203): WP_Hook->apply_filters('<select id="pa_...', Array)
#5 D:\xampp\htdocs\kmkm-wordpress\wp-content\plugins\woocommerce\includes\wc-template-functions.php(2986): apply_f in D:\xampp\htdocs\kmkm-wordpress\wp-content\plugins\variation-swatches-for-woocommerce\includes\class-frontend.php on line 143

2019-05-17T07:58:41+00:00 CRITICAL Uncaught Error: Call to a member function get_price_html() on null in D:\xampp\htdocs\kmkm-wordpress\wp-content\plugins\variation-swatches-for-woocommerce\includes\class-frontend.php:143
Stack trace:
#0 D:\xampp\htdocs\kmkm-wordpress\wp-includes\class-wp-hook.php(286): TA_WC_Variation_Swatches_Frontend->swatch_html('', Object(WP_Term), 'image', Array)
#1 D:\xampp\htdocs\kmkm-wordpress\wp-includes\plugin.php(203): WP_Hook->apply_filters('', Array)
#2 D:\xampp\htdocs\kmkm-wordpress\wp-content\plugins\variation-swatches-for-woocommerce\includes\class-frontend.php(84): apply_filters('tawcvs_swatch_h...', '', Object(WP_Term), 'image', Array)
#3 D:\xampp\htdocs\kmkm-wordpress\wp-includes\class-wp-hook.php(286): TA_WC_Variation_Swatches_Frontend->get_swatch_html('<select id="pa_...', Array)
#4 D:\xampp\htdocs\kmkm-wordpress\wp-includes\plugin.php(203): WP_Hook->apply_filters('<select id="pa_...', Array)
#5 D:\xampp\htdocs\kmkm-wordpress\wp-content\plugins\woocommerce\includes\wc-template-functions.php(2986): apply_f in D:\xampp\htdocs\kmkm-wordpress\wp-content\plugins\variation-swatches-for-woocommerce\includes\class-frontend.php on line 143

2019-05-17T07:59:03+00:00 CRITICAL Uncaught Error: Call to a member function get_price_html() on null in D:\xampp\htdocs\kmkm-wordpress\wp-content\plugins\variation-swatches-for-woocommerce\includes\class-frontend.php:143
Stack trace:
#0 D:\xampp\htdocs\kmkm-wordpress\wp-includes\class-wp-hook.php(286): TA_WC_Variation_Swatches_Frontend->swatch_html('', Object(WP_Term), 'image', Array)
#1 D:\xampp\htdocs\kmkm-wordpress\wp-includes\plugin.php(203): WP_Hook->apply_filters('', Array)
#2 D:\xampp\htdocs\kmkm-wordpress\wp-content\plugins\variation-swatches-for-woocommerce\includes\class-frontend.php(84): apply_filters('tawcvs_swatch_h...', '', Object(WP_Term), 'image', Array)
#3 D:\xampp\htdocs\kmkm-wordpress\wp-includes\class-wp-hook.php(286): TA_WC_Variation_Swatches_Frontend->get_swatch_html('<select id="pa_...', Array)
#4 D:\xampp\htdocs\kmkm-wordpress\wp-includes\plugin.php(203): WP_Hook->apply_filters('<select id="pa_...', Array)
#5 D:\xampp\htdocs\kmkm-wordpress\wp-content\plugins\woocommerce\includes\wc-template-functions.php(2986): apply_f in D:\xampp\htdocs\kmkm-wordpress\wp-content\plugins\variation-swatches-for-woocommerce\includes\class-frontend.php on line 143

2019-05-17T07:59:18+00:00 CRITICAL Uncaught Error: Call to a member function get_price_html() on string in D:\xampp\htdocs\kmkm-wordpress\wp-content\plugins\variation-swatches-for-woocommerce\includes\class-frontend.php:143
Stack trace:
#0 D:\xampp\htdocs\kmkm-wordpress\wp-includes\class-wp-hook.php(286): TA_WC_Variation_Swatches_Frontend->swatch_html('', Object(WP_Term), 'image', Array)
#1 D:\xampp\htdocs\kmkm-wordpress\wp-includes\plugin.php(203): WP_Hook->apply_filters('', Array)
#2 D:\xampp\htdocs\kmkm-wordpress\wp-content\plugins\variation-swatches-for-woocommerce\includes\class-frontend.php(84): apply_filters('tawcvs_swatch_h...', '', Object(WP_Term), 'image', Array)
#3 D:\xampp\htdocs\kmkm-wordpress\wp-includes\class-wp-hook.php(286): TA_WC_Variation_Swatches_Frontend->get_swatch_html('<select id="pa_...', Array)
#4 D:\xampp\htdocs\kmkm-wordpress\wp-includes\plugin.php(203): WP_Hook->apply_filters('<select id="pa_...', Array)
#5 D:\xampp\htdocs\kmkm-wordpress\wp-content\plugins\woocommerce\includes\wc-template-functions.php(2986): apply in D:\xampp\htdocs\kmkm-wordpress\wp-content\plugins\variation-swatches-for-woocommerce\includes\class-frontend.php on line 143

2019-05-17T07:59:20+00:00 CRITICAL Uncaught Error: Call to a member function get_price_html() on string in D:\xampp\htdocs\kmkm-wordpress\wp-content\plugins\variation-swatches-for-woocommerce\includes\class-frontend.php:143
Stack trace:
#0 D:\xampp\htdocs\kmkm-wordpress\wp-includes\class-wp-hook.php(286): TA_WC_Variation_Swatches_Frontend->swatch_html('', Object(WP_Term), 'image', Array)
#1 D:\xampp\htdocs\kmkm-wordpress\wp-includes\plugin.php(203): WP_Hook->apply_filters('', Array)
#2 D:\xampp\htdocs\kmkm-wordpress\wp-content\plugins\variation-swatches-for-woocommerce\includes\class-frontend.php(84): apply_filters('tawcvs_swatch_h...', '', Object(WP_Term), 'image', Array)
#3 D:\xampp\htdocs\kmkm-wordpress\wp-includes\class-wp-hook.php(286): TA_WC_Variation_Swatches_Frontend->get_swatch_html('<select id="pa_...', Array)
#4 D:\xampp\htdocs\kmkm-wordpress\wp-includes\plugin.php(203): WP_Hook->apply_filters('<select id="pa_...', Array)
#5 D:\xampp\htdocs\kmkm-wordpress\wp-content\plugins\woocommerce\includes\wc-template-functions.php(2986): apply in D:\xampp\htdocs\kmkm-wordpress\wp-content\plugins\variation-swatches-for-woocommerce\includes\class-frontend.php on line 143

2019-05-17T07:59:24+00:00 CRITICAL syntax error, unexpected '.' in D:\xampp\htdocs\kmkm-wordpress\wp-content\plugins\variation-swatches-for-woocommerce\includes\class-frontend.php on line 143

2019-05-17T07:59:25+00:00 CRITICAL syntax error, unexpected '.' in D:\xampp\htdocs\kmkm-wordpress\wp-content\plugins\variation-swatches-for-woocommerce\includes\class-frontend.php on line 143

2019-05-17T08:04:17+00:00 CRITICAL syntax error, unexpected 'public' (T_PUBLIC), expecting case (T_CASE) or default (T_DEFAULT) or '}' in D:\xampp\htdocs\kmkm-wordpress\wp-content\plugins\variation-swatches-for-woocommerce\includes\class-frontend.php on line 156

2019-05-17T08:07:40+00:00 CRITICAL Uncaught Error: Call to undefined method WP_Term::get_variation_regular_price() in D:\xampp\htdocs\kmkm-wordpress\wp-content\plugins\variation-swatches-for-woocommerce\includes\class-frontend.php:156
Stack trace:
#0 D:\xampp\htdocs\kmkm-wordpress\wp-includes\class-wp-hook.php(286): TA_WC_Variation_Swatches_Frontend->swatch_html('<div class="swa...', Object(WP_Term), 'image', Array)
#1 D:\xampp\htdocs\kmkm-wordpress\wp-includes\plugin.php(203): WP_Hook->apply_filters('', Array)
#2 D:\xampp\htdocs\kmkm-wordpress\wp-content\plugins\variation-swatches-for-woocommerce\includes\class-frontend.php(84): apply_filters('tawcvs_swatch_h...', '', Object(WP_Term), 'image', Array)
#3 D:\xampp\htdocs\kmkm-wordpress\wp-includes\class-wp-hook.php(286): TA_WC_Variation_Swatches_Frontend->get_swatch_html('<select id="pa_...', Array)
#4 D:\xampp\htdocs\kmkm-wordpress\wp-includes\plugin.php(203): WP_Hook->apply_filters('<select id="pa_...', Array)
#5 D:\xampp\htdocs\kmkm-wordpress\wp-content\plugins\woocommerce\includes\wc-templa in D:\xampp\htdocs\kmkm-wordpress\wp-content\plugins\variation-swatches-for-woocommerce\includes\class-frontend.php on line 156

2019-05-17T08:12:56+00:00 CRITICAL Object of class WP_Term could not be converted to string in D:\xampp\htdocs\kmkm-wordpress\wp-content\plugins\variation-swatches-for-woocommerce\includes\class-frontend.php on line 84

2019-05-17T08:18:31+00:00 CRITICAL syntax error, unexpected end of file, expecting elseif (T_ELSEIF) or else (T_ELSE) or endif (T_ENDIF) in D:\xampp\htdocs\kmkm-wordpress\wp-content\plugins\woocommerce\templates\single-product\title.php on line 36

2019-05-17T08:18:41+00:00 CRITICAL syntax error, unexpected end of file, expecting elseif (T_ELSEIF) or else (T_ELSE) or endif (T_ENDIF) in D:\xampp\htdocs\kmkm-wordpress\wp-content\plugins\woocommerce\templates\single-product\title.php on line 37

2019-05-17T08:18:45+00:00 CRITICAL syntax error, unexpected end of file, expecting elseif (T_ELSEIF) or else (T_ELSE) or endif (T_ENDIF) in D:\xampp\htdocs\kmkm-wordpress\wp-content\plugins\woocommerce\templates\single-product\title.php on line 37

2019-05-17T08:18:51+00:00 CRITICAL syntax error, unexpected end of file, expecting elseif (T_ELSEIF) or else (T_ELSE) or endif (T_ENDIF) in D:\xampp\htdocs\kmkm-wordpress\wp-content\plugins\woocommerce\templates\single-product\title.php on line 37

2019-05-17T08:35:33+00:00 CRITICAL syntax error, unexpected '$product' (T_VARIABLE), expecting ',' or ')' in D:\xampp\htdocs\kmkm-wordpress\wp-content\plugins\variation-swatches-for-woocommerce\includes\class-frontend.php on line 156

2019-05-17T08:43:40+00:00 CRITICAL syntax error, unexpected 'add_action' (T_STRING) in D:\xampp\htdocs\kmkm-wordpress\wp-content\themes\storefront\functions.php on line 58

2019-05-17T09:18:09+00:00 CRITICAL Uncaught Error: Call to undefined function consolog() in D:\xampp\htdocs\kmkm-wordpress\wp-content\themes\storefront\functions.php:28
Stack trace:
#0 D:\xampp\htdocs\kmkm-wordpress\wp-includes\class-wp-hook.php(288): display_price_in_variation_option_name('Bergamot')
#1 D:\xampp\htdocs\kmkm-wordpress\wp-includes\plugin.php(203): WP_Hook->apply_filters('Bergamot', Array)
#2 D:\xampp\htdocs\kmkm-wordpress\wp-content\plugins\woocommerce\includes\wc-template-functions.php(2972): apply_filters('woocommerce_var...', 'Bergamot', Object(WP_Term), 'pa_asmosphere', Object(WC_Product_Variable))
#3 D:\xampp\htdocs\kmkm-wordpress\wp-content\plugins\woocommerce\templates\single-product\add-to-cart\variable.php(47): wc_dropdown_variation_attribute_options(Array)
#4 D:\xampp\htdocs\kmkm-wordpress\wp-content\plugins\woocommerce\includes\wc-core-functions.php(249): include('D:\\xampp\\htdocs...')
#5 D:\xampp\htdocs\kmkm-wordpress\wp-content\plugins\woocommerce\includes\wc-template-functions.php(1627): wc_get_template('single-p in D:\xampp\htdocs\kmkm-wordpress\wp-content\themes\storefront\functions.php on line 28

2019-05-17T09:21:59+00:00 CRITICAL Uncaught Error: Call to undefined function get_the_variation_price_html() in D:\xampp\htdocs\kmkm-wordpress\wp-content\plugins\variation-swatches-for-woocommerce\includes\class-frontend.php:134
Stack trace:
#0 D:\xampp\htdocs\kmkm-wordpress\wp-includes\class-wp-hook.php(286): TA_WC_Variation_Swatches_Frontend->swatch_html('', Object(WP_Term), 'image', Array)
#1 D:\xampp\htdocs\kmkm-wordpress\wp-includes\plugin.php(203): WP_Hook->apply_filters('', Array)
#2 D:\xampp\htdocs\kmkm-wordpress\wp-content\plugins\variation-swatches-for-woocommerce\includes\class-frontend.php(84): apply_filters('tawcvs_swatch_h...', '', Object(WP_Term), 'image', Array)
#3 D:\xampp\htdocs\kmkm-wordpress\wp-includes\class-wp-hook.php(286): TA_WC_Variation_Swatches_Frontend->get_swatch_html('<select id="pa_...', Array)
#4 D:\xampp\htdocs\kmkm-wordpress\wp-includes\plugin.php(203): WP_Hook->apply_filters('<select id="pa_...', Array)
#5 D:\xampp\htdocs\kmkm-wordpress\wp-content\plugins\woocommerce\includes\wc-template-functions.php(2986):  in D:\xampp\htdocs\kmkm-wordpress\wp-content\plugins\variation-swatches-for-woocommerce\includes\class-frontend.php on line 134

2019-05-17T09:22:18+00:00 CRITICAL Uncaught Error: Call to undefined function get_the_variation_price_html() in D:\xampp\htdocs\kmkm-wordpress\wp-content\plugins\variation-swatches-for-woocommerce\includes\class-frontend.php:114
Stack trace:
#0 D:\xampp\htdocs\kmkm-wordpress\wp-includes\class-wp-hook.php(286): TA_WC_Variation_Swatches_Frontend->swatch_html('', Object(WP_Term), 'image', Array)
#1 D:\xampp\htdocs\kmkm-wordpress\wp-includes\plugin.php(203): WP_Hook->apply_filters('', Array)
#2 D:\xampp\htdocs\kmkm-wordpress\wp-content\plugins\variation-swatches-for-woocommerce\includes\class-frontend.php(84): apply_filters('tawcvs_swatch_h...', '', Object(WP_Term), 'image', Array)
#3 D:\xampp\htdocs\kmkm-wordpress\wp-includes\class-wp-hook.php(286): TA_WC_Variation_Swatches_Frontend->get_swatch_html('<select id="pa_...', Array)
#4 D:\xampp\htdocs\kmkm-wordpress\wp-includes\plugin.php(203): WP_Hook->apply_filters('<select id="pa_...', Array)
#5 D:\xampp\htdocs\kmkm-wordpress\wp-content\plugins\woocommerce\includes\wc-template-functions.php(2986):  in D:\xampp\htdocs\kmkm-wordpress\wp-content\plugins\variation-swatches-for-woocommerce\includes\class-frontend.php on line 114

2019-05-17T09:22:35+00:00 CRITICAL syntax error, unexpected '.' in D:\xampp\htdocs\kmkm-wordpress\wp-content\plugins\variation-swatches-for-woocommerce\includes\class-frontend.php on line 144

2019-05-17T09:23:02+00:00 CRITICAL Uncaught Error: Call to undefined function get_the_variation_price_html() in D:\xampp\htdocs\kmkm-wordpress\wp-content\plugins\variation-swatches-for-woocommerce\includes\class-frontend.php:134
Stack trace:
#0 D:\xampp\htdocs\kmkm-wordpress\wp-includes\class-wp-hook.php(286): TA_WC_Variation_Swatches_Frontend->swatch_html('', Object(WP_Term), 'image', Array)
#1 D:\xampp\htdocs\kmkm-wordpress\wp-includes\plugin.php(203): WP_Hook->apply_filters('', Array)
#2 D:\xampp\htdocs\kmkm-wordpress\wp-content\plugins\variation-swatches-for-woocommerce\includes\class-frontend.php(84): apply_filters('tawcvs_swatch_h...', '', Object(WP_Term), 'image', Array)
#3 D:\xampp\htdocs\kmkm-wordpress\wp-includes\class-wp-hook.php(286): TA_WC_Variation_Swatches_Frontend->get_swatch_html('<select id="pa_...', Array)
#4 D:\xampp\htdocs\kmkm-wordpress\wp-includes\plugin.php(203): WP_Hook->apply_filters('<select id="pa_...', Array)
#5 D:\xampp\htdocs\kmkm-wordpress\wp-content\plugins\woocommerce\includes\wc-template-functions.php(2986):  in D:\xampp\htdocs\kmkm-wordpress\wp-content\plugins\variation-swatches-for-woocommerce\includes\class-frontend.php on line 134

2019-05-17T09:34:53+00:00 CRITICAL Cannot redeclare get_the_variation_price_html() (previously declared in D:\xampp\htdocs\kmkm-wordpress\wp-content\themes\storefront\functions.php:25) in D:\xampp\htdocs\kmkm-wordpress\wp-content\plugins\variation-swatches-for-woocommerce\includes\class-frontend.php on line 134

2019-05-17T09:35:09+00:00 CRITICAL Cannot redeclare get_the_variation_price_html() (previously declared in D:\xampp\htdocs\kmkm-wordpress\wp-content\themes\storefront\functions.php:25) in D:\xampp\htdocs\kmkm-wordpress\wp-content\plugins\variation-swatches-for-woocommerce\includes\class-frontend.php on line 115

2019-05-17T09:35:15+00:00 CRITICAL syntax error, unexpected 'public' (T_PUBLIC) in D:\xampp\htdocs\kmkm-wordpress\wp-content\plugins\variation-swatches-for-woocommerce\includes\class-frontend.php on line 115

2019-05-17T09:35:20+00:00 CRITICAL Cannot redeclare get_the_variation_price_html() (previously declared in D:\xampp\htdocs\kmkm-wordpress\wp-content\themes\storefront\functions.php:25) in D:\xampp\htdocs\kmkm-wordpress\wp-content\plugins\variation-swatches-for-woocommerce\includes\class-frontend.php on line 115

2019-05-17T09:37:20+00:00 CRITICAL Cannot redeclare get_the_variation_price_html() (previously declared in D:\xampp\htdocs\kmkm-wordpress\wp-content\themes\storefront\functions.php:25) in D:\xampp\htdocs\kmkm-wordpress\wp-content\plugins\variation-swatches-for-woocommerce\includes\class-frontend.php on line 115

2019-05-17T10:05:41+00:00 CRITICAL syntax error, unexpected 'echo' (T_ECHO) in D:\xampp\htdocs\kmkm-wordpress\wp-content\plugins\variation-swatches-for-woocommerce\includes\class-frontend.php on line 135

2019-05-17T10:07:19+00:00 CRITICAL Uncaught Error: Call to a member function get_available_variations() on null in D:\xampp\htdocs\kmkm-wordpress\wp-content\plugins\variation-swatches-for-woocommerce\includes\class-frontend.php:114
Stack trace:
#0 D:\xampp\htdocs\kmkm-wordpress\wp-includes\class-wp-hook.php(286): TA_WC_Variation_Swatches_Frontend->swatch_html('', Object(WP_Term), 'image', Array)
#1 D:\xampp\htdocs\kmkm-wordpress\wp-includes\plugin.php(203): WP_Hook->apply_filters('', Array)
#2 D:\xampp\htdocs\kmkm-wordpress\wp-content\plugins\variation-swatches-for-woocommerce\includes\class-frontend.php(84): apply_filters('tawcvs_swatch_h...', '', Object(WP_Term), 'image', Array)
#3 D:\xampp\htdocs\kmkm-wordpress\wp-includes\class-wp-hook.php(286): TA_WC_Variation_Swatches_Frontend->get_swatch_html('<select id="pa_...', Array)
#4 D:\xampp\htdocs\kmkm-wordpress\wp-includes\plugin.php(203): WP_Hook->apply_filters('<select id="pa_...', Array)
#5 D:\xampp\htdocs\kmkm-wordpress\wp-content\plugins\woocommerce\includes\wc-template-functions.php(2986 in D:\xampp\htdocs\kmkm-wordpress\wp-content\plugins\variation-swatches-for-woocommerce\includes\class-frontend.php on line 114

2019-05-17T10:07:24+00:00 CRITICAL Uncaught Error: Call to a member function get_available_variations() on null in D:\xampp\htdocs\kmkm-wordpress\wp-content\plugins\variation-swatches-for-woocommerce\includes\class-frontend.php:114
Stack trace:
#0 D:\xampp\htdocs\kmkm-wordpress\wp-includes\class-wp-hook.php(286): TA_WC_Variation_Swatches_Frontend->swatch_html('', Object(WP_Term), 'image', Array)
#1 D:\xampp\htdocs\kmkm-wordpress\wp-includes\plugin.php(203): WP_Hook->apply_filters('', Array)
#2 D:\xampp\htdocs\kmkm-wordpress\wp-content\plugins\variation-swatches-for-woocommerce\includes\class-frontend.php(84): apply_filters('tawcvs_swatch_h...', '', Object(WP_Term), 'image', Array)
#3 D:\xampp\htdocs\kmkm-wordpress\wp-includes\class-wp-hook.php(286): TA_WC_Variation_Swatches_Frontend->get_swatch_html('<select id="pa_...', Array)
#4 D:\xampp\htdocs\kmkm-wordpress\wp-includes\plugin.php(203): WP_Hook->apply_filters('<select id="pa_...', Array)
#5 D:\xampp\htdocs\kmkm-wordpress\wp-content\plugins\woocommerce\includes\wc-template-functions.php(2986 in D:\xampp\htdocs\kmkm-wordpress\wp-content\plugins\variation-swatches-for-woocommerce\includes\class-frontend.php on line 114

2019-05-17T10:11:19+00:00 CRITICAL syntax error, unexpected ';', expecting ',' or ')' in D:\xampp\htdocs\kmkm-wordpress\wp-content\plugins\variation-swatches-for-woocommerce\includes\class-frontend.php on line 135

2019-05-17T10:11:24+00:00 CRITICAL syntax error, unexpected ';', expecting ',' or ')' in D:\xampp\htdocs\kmkm-wordpress\wp-content\plugins\variation-swatches-for-woocommerce\includes\class-frontend.php on line 135

2019-05-17T10:11:25+00:00 CRITICAL syntax error, unexpected ';', expecting ',' or ')' in D:\xampp\htdocs\kmkm-wordpress\wp-content\plugins\variation-swatches-for-woocommerce\includes\class-frontend.php on line 135

2019-05-17T10:11:33+00:00 CRITICAL syntax error, unexpected '.', expecting case (T_CASE) or default (T_DEFAULT) or '}' in D:\xampp\htdocs\kmkm-wordpress\wp-content\plugins\variation-swatches-for-woocommerce\includes\class-frontend.php on line 135

2019-05-17T10:11:38+00:00 CRITICAL Uncaught Error: Call to a member function display_price() on array in D:\xampp\htdocs\kmkm-wordpress\wp-content\plugins\variation-swatches-for-woocommerce\includes\class-frontend.php:135
Stack trace:
#0 D:\xampp\htdocs\kmkm-wordpress\wp-includes\class-wp-hook.php(286): TA_WC_Variation_Swatches_Frontend->swatch_html('', Object(WP_Term), 'image', Array)
#1 D:\xampp\htdocs\kmkm-wordpress\wp-includes\plugin.php(203): WP_Hook->apply_filters('', Array)
#2 D:\xampp\htdocs\kmkm-wordpress\wp-content\plugins\variation-swatches-for-woocommerce\includes\class-frontend.php(84): apply_filters('tawcvs_swatch_h...', '', Object(WP_Term), 'image', Array)
#3 D:\xampp\htdocs\kmkm-wordpress\wp-includes\class-wp-hook.php(286): TA_WC_Variation_Swatches_Frontend->get_swatch_html('<select id="pa_...', Array)
#4 D:\xampp\htdocs\kmkm-wordpress\wp-includes\plugin.php(203): WP_Hook->apply_filters('<select id="pa_...', Array)
#5 D:\xampp\htdocs\kmkm-wordpress\wp-content\plugins\woocommerce\includes\wc-template-functions.php(2986): apply_f in D:\xampp\htdocs\kmkm-wordpress\wp-content\plugins\variation-swatches-for-woocommerce\includes\class-frontend.php on line 135

2019-05-17T10:13:57+00:00 CRITICAL syntax error, unexpected 'echo' (T_ECHO) in D:\xampp\htdocs\kmkm-wordpress\wp-content\plugins\variation-swatches-for-woocommerce\includes\class-frontend.php on line 137

2019-05-17T10:14:04+00:00 CRITICAL syntax error, unexpected 'echo' (T_ECHO) in D:\xampp\htdocs\kmkm-wordpress\wp-content\plugins\variation-swatches-for-woocommerce\includes\class-frontend.php on line 137

2019-05-17T10:17:08+00:00 CRITICAL Uncaught Exception: Invalid product. in D:\xampp\htdocs\kmkm-wordpress\wp-content\plugins\woocommerce\includes\data-stores\class-wc-product-data-store-cpt.php:163
Stack trace:
#0 D:\xampp\htdocs\kmkm-wordpress\wp-content\plugins\woocommerce\includes\class-wc-data-store.php(159): WC_Product_Data_Store_CPT->read(Object(WC_Product_Variable))
#1 D:\xampp\htdocs\kmkm-wordpress\wp-content\plugins\woocommerce\includes\abstracts\abstract-wc-product.php(135): WC_Data_Store->read(Object(WC_Product_Variable))
#2 D:\xampp\htdocs\kmkm-wordpress\wp-content\plugins\variation-swatches-for-woocommerce\includes\class-frontend.php(134): WC_Product->__construct(29)
#3 D:\xampp\htdocs\kmkm-wordpress\wp-includes\class-wp-hook.php(286): TA_WC_Variation_Swatches_Frontend->swatch_html('', Object(WP_Term), 'image', Array)
#4 D:\xampp\htdocs\kmkm-wordpress\wp-includes\plugin.php(203): WP_Hook->apply_filters('', Array)
#5 D:\xampp\htdocs\kmkm-wordpress\wp-content\plugins\variation-swatches-for-woocommerce\includes\class-frontend.php(84) in D:\xampp\htdocs\kmkm-wordpress\wp-content\plugins\woocommerce\includes\data-stores\class-wc-product-data-store-cpt.php on line 163

2019-05-17T10:17:21+00:00 CRITICAL Uncaught Exception: Invalid product. in D:\xampp\htdocs\kmkm-wordpress\wp-content\plugins\woocommerce\includes\data-stores\class-wc-product-data-store-cpt.php:163
Stack trace:
#0 D:\xampp\htdocs\kmkm-wordpress\wp-content\plugins\woocommerce\includes\class-wc-data-store.php(159): WC_Product_Data_Store_CPT->read(Object(WC_Product_Variable))
#1 D:\xampp\htdocs\kmkm-wordpress\wp-content\plugins\woocommerce\includes\abstracts\abstract-wc-product.php(135): WC_Data_Store->read(Object(WC_Product_Variable))
#2 D:\xampp\htdocs\kmkm-wordpress\wp-content\plugins\variation-swatches-for-woocommerce\includes\class-frontend.php(135): WC_Product->__construct(29)
#3 D:\xampp\htdocs\kmkm-wordpress\wp-includes\class-wp-hook.php(286): TA_WC_Variation_Swatches_Frontend->swatch_html('', Object(WP_Term), 'image', Array)
#4 D:\xampp\htdocs\kmkm-wordpress\wp-includes\plugin.php(203): WP_Hook->apply_filters('', Array)
#5 D:\xampp\htdocs\kmkm-wordpress\wp-content\plugins\variation-swatches-for-woocommerce\includes\class-frontend.php(84) in D:\xampp\htdocs\kmkm-wordpress\wp-content\plugins\woocommerce\includes\data-stores\class-wc-product-data-store-cpt.php on line 163

2019-05-17T10:18:22+00:00 CRITICAL Uncaught Exception: Invalid product. in D:\xampp\htdocs\kmkm-wordpress\wp-content\plugins\woocommerce\includes\data-stores\class-wc-product-data-store-cpt.php:163
Stack trace:
#0 D:\xampp\htdocs\kmkm-wordpress\wp-content\plugins\woocommerce\includes\class-wc-data-store.php(159): WC_Product_Data_Store_CPT->read(Object(WC_Product_Variable))
#1 D:\xampp\htdocs\kmkm-wordpress\wp-content\plugins\woocommerce\includes\abstracts\abstract-wc-product.php(135): WC_Data_Store->read(Object(WC_Product_Variable))
#2 D:\xampp\htdocs\kmkm-wordpress\wp-content\plugins\variation-swatches-for-woocommerce\includes\class-frontend.php(134): WC_Product->__construct(29)
#3 D:\xampp\htdocs\kmkm-wordpress\wp-includes\class-wp-hook.php(286): TA_WC_Variation_Swatches_Frontend->swatch_html('', Object(WP_Term), 'image', Array)
#4 D:\xampp\htdocs\kmkm-wordpress\wp-includes\plugin.php(203): WP_Hook->apply_filters('', Array)
#5 D:\xampp\htdocs\kmkm-wordpress\wp-content\plugins\variation-swatches-for-woocommerce\includes\class-frontend.php(84) in D:\xampp\htdocs\kmkm-wordpress\wp-content\plugins\woocommerce\includes\data-stores\class-wc-product-data-store-cpt.php on line 163

2019-05-17T10:18:31+00:00 CRITICAL Uncaught Exception: Invalid product. in D:\xampp\htdocs\kmkm-wordpress\wp-content\plugins\woocommerce\includes\data-stores\class-wc-product-data-store-cpt.php:163
Stack trace:
#0 D:\xampp\htdocs\kmkm-wordpress\wp-content\plugins\woocommerce\includes\class-wc-data-store.php(159): WC_Product_Data_Store_CPT->read(Object(WC_Product_Variable))
#1 D:\xampp\htdocs\kmkm-wordpress\wp-content\plugins\woocommerce\includes\abstracts\abstract-wc-product.php(135): WC_Data_Store->read(Object(WC_Product_Variable))
#2 D:\xampp\htdocs\kmkm-wordpress\wp-content\plugins\variation-swatches-for-woocommerce\includes\class-frontend.php(134): WC_Product->__construct(29)
#3 D:\xampp\htdocs\kmkm-wordpress\wp-includes\class-wp-hook.php(286): TA_WC_Variation_Swatches_Frontend->swatch_html('', Object(WP_Term), 'image', Array)
#4 D:\xampp\htdocs\kmkm-wordpress\wp-includes\plugin.php(203): WP_Hook->apply_filters('', Array)
#5 D:\xampp\htdocs\kmkm-wordpress\wp-content\plugins\variation-swatches-for-woocommerce\includes\class-frontend.php(84) in D:\xampp\htdocs\kmkm-wordpress\wp-content\plugins\woocommerce\includes\data-stores\class-wc-product-data-store-cpt.php on line 163

2019-05-17T10:18:57+00:00 CRITICAL Uncaught Error: Call to a member function get_available_variations() on null in D:\xampp\htdocs\kmkm-wordpress\wp-content\plugins\variation-swatches-for-woocommerce\includes\class-frontend.php:114
Stack trace:
#0 D:\xampp\htdocs\kmkm-wordpress\wp-includes\class-wp-hook.php(286): TA_WC_Variation_Swatches_Frontend->swatch_html('', Object(WP_Term), 'image', Array)
#1 D:\xampp\htdocs\kmkm-wordpress\wp-includes\plugin.php(203): WP_Hook->apply_filters('', Array)
#2 D:\xampp\htdocs\kmkm-wordpress\wp-content\plugins\variation-swatches-for-woocommerce\includes\class-frontend.php(84): apply_filters('tawcvs_swatch_h...', '', Object(WP_Term), 'image', Array)
#3 D:\xampp\htdocs\kmkm-wordpress\wp-includes\class-wp-hook.php(286): TA_WC_Variation_Swatches_Frontend->get_swatch_html('<select id="pa_...', Array)
#4 D:\xampp\htdocs\kmkm-wordpress\wp-includes\plugin.php(203): WP_Hook->apply_filters('<select id="pa_...', Array)
#5 D:\xampp\htdocs\kmkm-wordpress\wp-content\plugins\woocommerce\includes\wc-template-functions.php(2986 in D:\xampp\htdocs\kmkm-wordpress\wp-content\plugins\variation-swatches-for-woocommerce\includes\class-frontend.php on line 114

2019-05-17T10:34:09+00:00 CRITICAL syntax error, unexpected ',' in D:\xampp\htdocs\kmkm-wordpress\wp-content\themes\storefront\functions.php on line 46

2019-05-17T10:37:47+00:00 CRITICAL syntax error, unexpected '{' in D:\xampp\htdocs\kmkm-wordpress\wp-content\themes\storefront\functions.php on line 47

2019-05-17T10:38:08+00:00 CRITICAL syntax error, unexpected '{' in D:\xampp\htdocs\kmkm-wordpress\wp-content\themes\storefront\functions.php on line 47

2019-05-17T10:40:32+00:00 CRITICAL Uncaught ArgumentCountError: Too few arguments to function apply_filters(), 1 passed in D:\xampp\htdocs\kmkm-wordpress\wp-content\plugins\variation-swatches-for-woocommerce\includes\class-frontend.php on line 114 and exactly 2 expected in D:\xampp\htdocs\kmkm-wordpress\wp-includes\plugin.php:176
Stack trace:
#0 D:\xampp\htdocs\kmkm-wordpress\wp-content\plugins\variation-swatches-for-woocommerce\includes\class-frontend.php(114): apply_filters('woocommerce_var...')
#1 D:\xampp\htdocs\kmkm-wordpress\wp-includes\class-wp-hook.php(286): TA_WC_Variation_Swatches_Frontend->swatch_html('', Object(WP_Term), 'image', Array)
#2 D:\xampp\htdocs\kmkm-wordpress\wp-includes\plugin.php(203): WP_Hook->apply_filters('', Array)
#3 D:\xampp\htdocs\kmkm-wordpress\wp-content\plugins\variation-swatches-for-woocommerce\includes\class-frontend.php(84): apply_filters('tawcvs_swatch_h...', '', Object(WP_Term), 'image', Array)
#4 D:\xampp\htdocs\kmkm-wordpress\wp-includes\class-wp-hook.php(286): TA_WC_Variation_Swatches_Frontend->get_sw in D:\xampp\htdocs\kmkm-wordpress\wp-includes\plugin.php on line 176

